<?xml version="1.0" encoding="UTF-8"?>
<testsuite name="com.clean.example.repositoryTest" tests="1" skipped="0" failures="0" errors="0" timestamp="2022-07-31T04:31:31" hostname="DESKTOP-FTBQ5M8" time="0.241">
  <properties/>
  <testcase name="TestJpa()" classname="com.clean.example.repositoryTest" time="0.241"/>
  <system-out><![CDATA[13:31:24.937 [Test worker] DEBUG org.springframework.test.context.BootstrapUtils - Instantiating CacheAwareContextLoaderDelegate from class [org.springframework.test.context.cache.DefaultCacheAwareContextLoaderDelegate]
13:31:24.956 [Test worker] DEBUG org.springframework.test.context.BootstrapUtils - Instantiating BootstrapContext using constructor [public org.springframework.test.context.support.DefaultBootstrapContext(java.lang.Class,org.springframework.test.context.CacheAwareContextLoaderDelegate)]
13:31:25.012 [Test worker] DEBUG org.springframework.test.context.BootstrapUtils - Instantiating TestContextBootstrapper for test class [com.clean.example.repositoryTest] from class [org.springframework.boot.test.context.SpringBootTestContextBootstrapper]
13:31:25.033 [Test worker] INFO org.springframework.boot.test.context.SpringBootTestContextBootstrapper - Neither @ContextConfiguration nor @ContextHierarchy found for test class [com.clean.example.repositoryTest], using SpringBootContextLoader
13:31:25.039 [Test worker] DEBUG org.springframework.test.context.support.AbstractContextLoader - Did not detect default resource location for test class [com.clean.example.repositoryTest]: class path resource [com/clean/example/repositoryTest-context.xml] does not exist
13:31:25.040 [Test worker] DEBUG org.springframework.test.context.support.AbstractContextLoader - Did not detect default resource location for test class [com.clean.example.repositoryTest]: class path resource [com/clean/example/repositoryTestContext.groovy] does not exist
13:31:25.041 [Test worker] INFO org.springframework.test.context.support.AbstractContextLoader - Could not detect default resource locations for test class [com.clean.example.repositoryTest]: no resource found for suffixes {-context.xml, Context.groovy}.
13:31:25.043 [Test worker] INFO org.springframework.test.context.support.AnnotationConfigContextLoaderUtils - Could not detect default configuration classes for test class [com.clean.example.repositoryTest]: repositoryTest does not declare any static, non-private, non-final, nested classes annotated with @Configuration.
13:31:25.113 [Test worker] DEBUG org.springframework.test.context.support.ActiveProfilesUtils - Could not find an 'annotation declaring class' for annotation type [org.springframework.test.context.ActiveProfiles] and class [com.clean.example.repositoryTest]
13:31:25.210 [Test worker] DEBUG org.springframework.context.annotation.ClassPathScanningCandidateComponentProvider - Identified candidate component class: file [C:\Users\류지승\IdeaProjects\simpleMemberList\dataproviders\build\classes\java\main\com\clean\example\go.class]
13:31:25.217 [Test worker] INFO org.springframework.boot.test.context.SpringBootTestContextBootstrapper - Found @SpringBootConfiguration com.clean.example.go for test class com.clean.example.repositoryTest
13:31:25.373 [Test worker] DEBUG org.springframework.boot.test.context.SpringBootTestContextBootstrapper - @TestExecutionListeners is not present for class [com.clean.example.repositoryTest]: using defaults.
13:31:25.374 [Test worker] INFO org.springframework.boot.test.context.SpringBootTestContextBootstrapper - Loaded default TestExecutionListener class names from location [META-INF/spring.factories]: [org.springframework.boot.test.autoconfigure.restdocs.RestDocsTestExecutionListener, org.springframework.boot.test.autoconfigure.web.client.MockRestServiceServerResetTestExecutionListener, org.springframework.boot.test.autoconfigure.web.servlet.MockMvcPrintOnlyOnFailureTestExecutionListener, org.springframework.boot.test.autoconfigure.web.servlet.WebDriverTestExecutionListener, org.springframework.boot.test.autoconfigure.webservices.client.MockWebServiceServerTestExecutionListener, org.springframework.boot.test.mock.mockito.MockitoTestExecutionListener, org.springframework.boot.test.mock.mockito.ResetMocksTestExecutionListener, org.springframework.test.context.web.ServletTestExecutionListener, org.springframework.test.context.support.DirtiesContextBeforeModesTestExecutionListener, org.springframework.test.context.event.ApplicationEventsTestExecutionListener, org.springframework.test.context.support.DependencyInjectionTestExecutionListener, org.springframework.test.context.support.DirtiesContextTestExecutionListener, org.springframework.test.context.transaction.TransactionalTestExecutionListener, org.springframework.test.context.jdbc.SqlScriptsTestExecutionListener, org.springframework.test.context.event.EventPublishingTestExecutionListener]
13:31:25.398 [Test worker] INFO org.springframework.boot.test.context.SpringBootTestContextBootstrapper - Using TestExecutionListeners: [org.springframework.test.context.web.ServletTestExecutionListener@433ffad1, org.springframework.test.context.support.DirtiesContextBeforeModesTestExecutionListener@1fc793c2, org.springframework.test.context.event.ApplicationEventsTestExecutionListener@2575f671, org.springframework.boot.test.mock.mockito.MockitoTestExecutionListener@329a1243, org.springframework.boot.test.autoconfigure.SpringBootDependencyInjectionTestExecutionListener@ecf9fb3, org.springframework.test.context.support.DirtiesContextTestExecutionListener@2d35442b, org.springframework.test.context.transaction.TransactionalTestExecutionListener@27f9e982, org.springframework.test.context.jdbc.SqlScriptsTestExecutionListener@4593ff34, org.springframework.test.context.event.EventPublishingTestExecutionListener@37d3d232, org.springframework.boot.test.autoconfigure.restdocs.RestDocsTestExecutionListener@30c0ccff, org.springframework.boot.test.autoconfigure.web.client.MockRestServiceServerResetTestExecutionListener@581d969c, org.springframework.boot.test.autoconfigure.web.servlet.MockMvcPrintOnlyOnFailureTestExecutionListener@22db8f4, org.springframework.boot.test.autoconfigure.web.servlet.WebDriverTestExecutionListener@2b46a8c1, org.springframework.boot.test.autoconfigure.webservices.client.MockWebServiceServerTestExecutionListener@1d572e62, org.springframework.boot.test.mock.mockito.ResetMocksTestExecutionListener@29caf222]
13:31:25.406 [Test worker] DEBUG org.springframework.test.context.support.AbstractDirtiesContextTestExecutionListener - Before test class: context [DefaultTestContext@2a2bb0eb testClass = repositoryTest, testInstance = [null], testMethod = [null], testException = [null], mergedContextConfiguration = [WebMergedContextConfiguration@3c291aad testClass = repositoryTest, locations = '{}', classes = '{class com.clean.example.go}', contextInitializerClasses = '[]', activeProfiles = '{}', propertySourceLocations = '{}', propertySourceProperties = '{org.springframework.boot.test.context.SpringBootTestContextBootstrapper=true}', contextCustomizers = set[org.springframework.boot.test.autoconfigure.actuate.metrics.MetricsExportContextCustomizerFactory$DisableMetricExportContextCustomizer@13cf7d52, org.springframework.boot.test.autoconfigure.properties.PropertyMappingContextCustomizer@0, org.springframework.boot.test.autoconfigure.web.servlet.WebDriverContextCustomizerFactory$Customizer@3b7ff809, org.springframework.boot.test.context.filter.ExcludeFilterContextCustomizer@4b20ca2b, org.springframework.boot.test.json.DuplicateJsonObjectContextCustomizerFactory$DuplicateJsonObjectContextCustomizer@1af146, org.springframework.boot.test.mock.mockito.MockitoContextCustomizer@0, org.springframework.boot.test.web.client.TestRestTemplateContextCustomizer@674658f7, org.springframework.boot.test.context.SpringBootTestArgs@1, org.springframework.boot.test.context.SpringBootTestWebEnvironment@2ca26d77], resourceBasePath = 'src/main/webapp', contextLoader = 'org.springframework.boot.test.context.SpringBootContextLoader', parent = [null]], attributes = map['org.springframework.test.context.web.ServletTestExecutionListener.activateListener' -> true]], class annotated with @DirtiesContext [false] with mode [null].
13:31:25.470 [Test worker] DEBUG org.springframework.test.context.support.TestPropertySourceUtils - Adding inlined properties to environment: {spring.jmx.enabled=false, org.springframework.boot.test.context.SpringBootTestContextBootstrapper=true}

  .   ____          _            __ _ _
 /\\ / ___'_ __ _ _(_)_ __  __ _ \ \ \ \
( ( )\___ | '_ | '_| | '_ \/ _` | \ \ \ \
 \\/  ___)| |_)| | | | | || (_| |  ) ) ) )
  '  |____| .__|_| |_|_| |_\__, | / / / /
 =========|_|==============|___/=/_/_/_/
 :: Spring Boot ::                (v2.5.3)

2022-07-31 13:31:25.937  INFO 24556 --- [    Test worker] com.clean.example.repositoryTest         : Starting repositoryTest using Java 11.0.6 on DESKTOP-FTBQ5M8 with PID 24556 (started by Ryu in C:\Users\류지승\IdeaProjects\simpleMemberList\dataproviders)
2022-07-31 13:31:25.942  INFO 24556 --- [    Test worker] com.clean.example.repositoryTest         : No active profile set, falling back to default profiles: default
2022-07-31 13:31:26.911  INFO 24556 --- [    Test worker] .s.d.r.c.RepositoryConfigurationDelegate : Bootstrapping Spring Data JPA repositories in DEFAULT mode.
2022-07-31 13:31:26.987  INFO 24556 --- [    Test worker] .s.d.r.c.RepositoryConfigurationDelegate : Finished Spring Data repository scanning in 62 ms. Found 1 JPA repository interfaces.
2022-07-31 13:31:27.809  INFO 24556 --- [    Test worker] o.hibernate.jpa.internal.util.LogHelper  : HHH000204: Processing PersistenceUnitInfo [name: default]
2022-07-31 13:31:27.895  INFO 24556 --- [    Test worker] org.hibernate.Version                    : HHH000412: Hibernate ORM core version 5.4.32.Final
2022-07-31 13:31:28.118  INFO 24556 --- [    Test worker] o.hibernate.annotations.common.Version   : HCANN000001: Hibernate Commons Annotations {5.1.2.Final}
2022-07-31 13:31:28.337  INFO 24556 --- [    Test worker] com.zaxxer.hikari.HikariDataSource       : HikariPool-1 - Starting...
2022-07-31 13:31:28.690  INFO 24556 --- [    Test worker] com.zaxxer.hikari.HikariDataSource       : HikariPool-1 - Start completed.
2022-07-31 13:31:28.721  INFO 24556 --- [    Test worker] org.hibernate.dialect.Dialect            : HHH000400: Using dialect: org.hibernate.dialect.H2Dialect
2022-07-31 13:31:29.260  INFO 24556 --- [    Test worker] org.hibernate.tuple.PojoInstantiator     : HHH000182: No default (no-argument) constructor for class: com.clean.example.MemberEntity (class must be instantiated by Interceptor)
2022-07-31 13:31:29.753  INFO 24556 --- [    Test worker] o.h.e.t.j.p.i.JtaPlatformInitiator       : HHH000490: Using JtaPlatform implementation: [org.hibernate.engine.transaction.jta.platform.internal.NoJtaPlatform]
2022-07-31 13:31:29.770  INFO 24556 --- [    Test worker] j.LocalContainerEntityManagerFactoryBean : Initialized JPA EntityManagerFactory for persistence unit 'default'
2022-07-31 13:31:30.102  WARN 24556 --- [    Test worker] JpaBaseConfiguration$JpaWebConfiguration : spring.jpa.open-in-view is enabled by default. Therefore, database queries may be performed during view rendering. Explicitly configure spring.jpa.open-in-view to disable this warning
2022-07-31 13:31:30.555  INFO 24556 --- [    Test worker] o.s.b.a.h2.H2ConsoleAutoConfiguration    : H2 console available at '/h2-console'. Database available at 'jdbc:h2:~/local'
2022-07-31 13:31:31.520  INFO 24556 --- [    Test worker] com.clean.example.repositoryTest         : Started repositoryTest in 6.036 seconds (JVM running for 8.527)
Hibernate: 
    insert 
    into
        member_entity
        (id, balance, member_id, name) 
    values
        (null, ?, ?, ?)
]]></system-out>
  <system-err><![CDATA[]]></system-err>
</testsuite>
