<?xml version="1.0" encoding="UTF-8"?>
<testsuite name="com.clean.example.dataproviders.IntegrationTest" tests="3" skipped="0" failures="0" errors="0" timestamp="2022-08-08T08:10:04" hostname="DESKTOP-FTBQ5M8" time="0.894">
  <properties/>
  <testcase name="duplicatedMemberId()" classname="com.clean.example.dataproviders.IntegrationTest" time="0.626"/>
  <testcase name="getAllMember()" classname="com.clean.example.dataproviders.IntegrationTest" time="0.241"/>
  <testcase name="findMember()" classname="com.clean.example.dataproviders.IntegrationTest" time="0.021"/>
  <system-out><![CDATA[17:09:57.131 [Test worker] DEBUG org.springframework.test.context.BootstrapUtils - Instantiating CacheAwareContextLoaderDelegate from class [org.springframework.test.context.cache.DefaultCacheAwareContextLoaderDelegate]
17:09:57.154 [Test worker] DEBUG org.springframework.test.context.BootstrapUtils - Instantiating BootstrapContext using constructor [public org.springframework.test.context.support.DefaultBootstrapContext(java.lang.Class,org.springframework.test.context.CacheAwareContextLoaderDelegate)]
17:09:57.213 [Test worker] DEBUG org.springframework.test.context.BootstrapUtils - Instantiating TestContextBootstrapper for test class [com.clean.example.dataproviders.IntegrationTest] from class [org.springframework.boot.test.context.SpringBootTestContextBootstrapper]
17:09:57.238 [Test worker] INFO org.springframework.boot.test.context.SpringBootTestContextBootstrapper - Neither @ContextConfiguration nor @ContextHierarchy found for test class [com.clean.example.dataproviders.IntegrationTest], using SpringBootContextLoader
17:09:57.247 [Test worker] DEBUG org.springframework.test.context.support.AbstractContextLoader - Did not detect default resource location for test class [com.clean.example.dataproviders.IntegrationTest]: class path resource [com/clean/example/dataproviders/IntegrationTest-context.xml] does not exist
17:09:57.247 [Test worker] DEBUG org.springframework.test.context.support.AbstractContextLoader - Did not detect default resource location for test class [com.clean.example.dataproviders.IntegrationTest]: class path resource [com/clean/example/dataproviders/IntegrationTestContext.groovy] does not exist
17:09:57.249 [Test worker] INFO org.springframework.test.context.support.AbstractContextLoader - Could not detect default resource locations for test class [com.clean.example.dataproviders.IntegrationTest]: no resource found for suffixes {-context.xml, Context.groovy}.
17:09:57.250 [Test worker] INFO org.springframework.test.context.support.AnnotationConfigContextLoaderUtils - Could not detect default configuration classes for test class [com.clean.example.dataproviders.IntegrationTest]: IntegrationTest does not declare any static, non-private, non-final, nested classes annotated with @Configuration.
17:09:57.331 [Test worker] DEBUG org.springframework.test.context.support.ActiveProfilesUtils - Could not find an 'annotation declaring class' for annotation type [org.springframework.test.context.ActiveProfiles] and class [com.clean.example.dataproviders.IntegrationTest]
17:09:57.470 [Test worker] DEBUG org.springframework.context.annotation.ClassPathScanningCandidateComponentProvider - Identified candidate component class: file [C:\Users\류지승\IdeaProjects\simpleMemberList\dataproviders\build\classes\java\main\com\clean\example\dataproviders\go.class]
17:09:57.472 [Test worker] INFO org.springframework.boot.test.context.SpringBootTestContextBootstrapper - Found @SpringBootConfiguration com.clean.example.dataproviders.go for test class com.clean.example.dataproviders.IntegrationTest
17:09:57.637 [Test worker] DEBUG org.springframework.boot.test.context.SpringBootTestContextBootstrapper - @TestExecutionListeners is not present for class [com.clean.example.dataproviders.IntegrationTest]: using defaults.
17:09:57.637 [Test worker] INFO org.springframework.boot.test.context.SpringBootTestContextBootstrapper - Loaded default TestExecutionListener class names from location [META-INF/spring.factories]: [org.springframework.boot.test.autoconfigure.restdocs.RestDocsTestExecutionListener, org.springframework.boot.test.autoconfigure.web.client.MockRestServiceServerResetTestExecutionListener, org.springframework.boot.test.autoconfigure.web.servlet.MockMvcPrintOnlyOnFailureTestExecutionListener, org.springframework.boot.test.autoconfigure.web.servlet.WebDriverTestExecutionListener, org.springframework.boot.test.autoconfigure.webservices.client.MockWebServiceServerTestExecutionListener, org.springframework.boot.test.mock.mockito.MockitoTestExecutionListener, org.springframework.boot.test.mock.mockito.ResetMocksTestExecutionListener, org.springframework.test.context.web.ServletTestExecutionListener, org.springframework.test.context.support.DirtiesContextBeforeModesTestExecutionListener, org.springframework.test.context.event.ApplicationEventsTestExecutionListener, org.springframework.test.context.support.DependencyInjectionTestExecutionListener, org.springframework.test.context.support.DirtiesContextTestExecutionListener, org.springframework.test.context.transaction.TransactionalTestExecutionListener, org.springframework.test.context.jdbc.SqlScriptsTestExecutionListener, org.springframework.test.context.event.EventPublishingTestExecutionListener]
17:09:57.660 [Test worker] INFO org.springframework.boot.test.context.SpringBootTestContextBootstrapper - Using TestExecutionListeners: [org.springframework.test.context.web.ServletTestExecutionListener@3a45c42a, org.springframework.test.context.support.DirtiesContextBeforeModesTestExecutionListener@36dce7ed, org.springframework.test.context.event.ApplicationEventsTestExecutionListener@47a64f7d, org.springframework.boot.test.mock.mockito.MockitoTestExecutionListener@33d05366, org.springframework.boot.test.autoconfigure.SpringBootDependencyInjectionTestExecutionListener@27a0a5a2, org.springframework.test.context.support.DirtiesContextTestExecutionListener@7692cd34, org.springframework.test.context.transaction.TransactionalTestExecutionListener@33aa93c, org.springframework.test.context.jdbc.SqlScriptsTestExecutionListener@32c0915e, org.springframework.test.context.event.EventPublishingTestExecutionListener@106faf11, org.springframework.boot.test.autoconfigure.restdocs.RestDocsTestExecutionListener@70f43b45, org.springframework.boot.test.autoconfigure.web.client.MockRestServiceServerResetTestExecutionListener@26d10f2e, org.springframework.boot.test.autoconfigure.web.servlet.MockMvcPrintOnlyOnFailureTestExecutionListener@10ad20cb, org.springframework.boot.test.autoconfigure.web.servlet.WebDriverTestExecutionListener@7dd712e8, org.springframework.boot.test.autoconfigure.webservices.client.MockWebServiceServerTestExecutionListener@2c282004, org.springframework.boot.test.mock.mockito.ResetMocksTestExecutionListener@22ee2d0]
17:09:57.666 [Test worker] DEBUG org.springframework.test.context.support.AbstractDirtiesContextTestExecutionListener - Before test class: context [DefaultTestContext@11ee02f8 testClass = IntegrationTest, testInstance = [null], testMethod = [null], testException = [null], mergedContextConfiguration = [WebMergedContextConfiguration@4102b1b1 testClass = IntegrationTest, locations = '{}', classes = '{class com.clean.example.dataproviders.go}', contextInitializerClasses = '[]', activeProfiles = '{}', propertySourceLocations = '{}', propertySourceProperties = '{org.springframework.boot.test.context.SpringBootTestContextBootstrapper=true}', contextCustomizers = set[org.springframework.boot.test.autoconfigure.actuate.metrics.MetricsExportContextCustomizerFactory$DisableMetricExportContextCustomizer@62e6b5c8, org.springframework.boot.test.autoconfigure.properties.PropertyMappingContextCustomizer@0, org.springframework.boot.test.autoconfigure.web.servlet.WebDriverContextCustomizerFactory$Customizer@565b064f, org.springframework.boot.test.context.filter.ExcludeFilterContextCustomizer@62163b39, org.springframework.boot.test.json.DuplicateJsonObjectContextCustomizerFactory$DuplicateJsonObjectContextCustomizer@1698fc68, org.springframework.boot.test.mock.mockito.MockitoContextCustomizer@0, org.springframework.boot.test.web.client.TestRestTemplateContextCustomizer@b78a709, org.springframework.boot.test.context.SpringBootTestArgs@1, org.springframework.boot.test.context.SpringBootTestWebEnvironment@77659b30], resourceBasePath = 'src/main/webapp', contextLoader = 'org.springframework.boot.test.context.SpringBootContextLoader', parent = [null]], attributes = map['org.springframework.test.context.web.ServletTestExecutionListener.activateListener' -> true]], class annotated with @DirtiesContext [false] with mode [null].
17:09:57.712 [Test worker] DEBUG org.springframework.test.context.support.TestPropertySourceUtils - Adding inlined properties to environment: {spring.jmx.enabled=false, org.springframework.boot.test.context.SpringBootTestContextBootstrapper=true}

  .   ____          _            __ _ _
 /\\ / ___'_ __ _ _(_)_ __  __ _ \ \ \ \
( ( )\___ | '_ | '_| | '_ \/ _` | \ \ \ \
 \\/  ___)| |_)| | | | | || (_| |  ) ) ) )
  '  |____| .__|_| |_|_| |_\__, | / / / /
 =========|_|==============|___/=/_/_/_/
 :: Spring Boot ::                (v2.5.3)

2022-08-08 17:09:58.588  INFO 11996 --- [    Test worker] c.c.e.dataproviders.IntegrationTest      : Starting IntegrationTest using Java 11.0.6 on DESKTOP-FTBQ5M8 with PID 11996 (started by Ryu in C:\Users\류지승\IdeaProjects\simpleMemberList\dataproviders)
2022-08-08 17:09:58.593  INFO 11996 --- [    Test worker] c.c.e.dataproviders.IntegrationTest      : No active profile set, falling back to default profiles: default
2022-08-08 17:09:59.536  INFO 11996 --- [    Test worker] .s.d.r.c.RepositoryConfigurationDelegate : Bootstrapping Spring Data JPA repositories in DEFAULT mode.
2022-08-08 17:09:59.608  INFO 11996 --- [    Test worker] .s.d.r.c.RepositoryConfigurationDelegate : Finished Spring Data repository scanning in 61 ms. Found 1 JPA repository interfaces.
2022-08-08 17:10:00.486  INFO 11996 --- [    Test worker] o.hibernate.jpa.internal.util.LogHelper  : HHH000204: Processing PersistenceUnitInfo [name: default]
2022-08-08 17:10:00.576  INFO 11996 --- [    Test worker] org.hibernate.Version                    : HHH000412: Hibernate ORM core version 5.4.32.Final
2022-08-08 17:10:00.807  INFO 11996 --- [    Test worker] o.hibernate.annotations.common.Version   : HCANN000001: Hibernate Commons Annotations {5.1.2.Final}
2022-08-08 17:10:00.980  INFO 11996 --- [    Test worker] com.zaxxer.hikari.HikariDataSource       : HikariPool-1 - Starting...
2022-08-08 17:10:01.276  INFO 11996 --- [    Test worker] com.zaxxer.hikari.HikariDataSource       : HikariPool-1 - Start completed.
2022-08-08 17:10:01.307  INFO 11996 --- [    Test worker] org.hibernate.dialect.Dialect            : HHH000400: Using dialect: org.hibernate.dialect.H2Dialect
2022-08-08 17:10:02.392  INFO 11996 --- [    Test worker] o.h.e.t.j.p.i.JtaPlatformInitiator       : HHH000490: Using JtaPlatform implementation: [org.hibernate.engine.transaction.jta.platform.internal.NoJtaPlatform]
2022-08-08 17:10:02.415  INFO 11996 --- [    Test worker] j.LocalContainerEntityManagerFactoryBean : Initialized JPA EntityManagerFactory for persistence unit 'default'
2022-08-08 17:10:03.324  WARN 11996 --- [    Test worker] JpaBaseConfiguration$JpaWebConfiguration : spring.jpa.open-in-view is enabled by default. Therefore, database queries may be performed during view rendering. Explicitly configure spring.jpa.open-in-view to disable this warning
2022-08-08 17:10:03.723  INFO 11996 --- [    Test worker] o.s.b.a.h2.H2ConsoleAutoConfiguration    : H2 console available at '/h2-console'. Database available at 'jdbc:h2:~/local'
2022-08-08 17:10:04.200  INFO 11996 --- [    Test worker] c.c.e.dataproviders.IntegrationTest      : Started IntegrationTest in 6.478 seconds (JVM running for 9.049)
2022-08-08 17:10:04.244  INFO 11996 --- [    Test worker] o.s.t.c.transaction.TransactionContext   : Began transaction (1) for test context [DefaultTestContext@11ee02f8 testClass = IntegrationTest, testInstance = com.clean.example.dataproviders.IntegrationTest@17a5ae7b, testMethod = duplicatedMemberId@IntegrationTest, testException = [null], mergedContextConfiguration = [WebMergedContextConfiguration@4102b1b1 testClass = IntegrationTest, locations = '{}', classes = '{class com.clean.example.dataproviders.go}', contextInitializerClasses = '[]', activeProfiles = '{}', propertySourceLocations = '{}', propertySourceProperties = '{org.springframework.boot.test.context.SpringBootTestContextBootstrapper=true}', contextCustomizers = set[org.springframework.boot.test.autoconfigure.actuate.metrics.MetricsExportContextCustomizerFactory$DisableMetricExportContextCustomizer@62e6b5c8, org.springframework.boot.test.autoconfigure.properties.PropertyMappingContextCustomizer@0, org.springframework.boot.test.autoconfigure.web.servlet.WebDriverContextCustomizerFactory$Customizer@565b064f, org.springframework.boot.test.context.filter.ExcludeFilterContextCustomizer@62163b39, org.springframework.boot.test.json.DuplicateJsonObjectContextCustomizerFactory$DuplicateJsonObjectContextCustomizer@1698fc68, org.springframework.boot.test.mock.mockito.MockitoContextCustomizer@0, org.springframework.boot.test.web.client.TestRestTemplateContextCustomizer@b78a709, org.springframework.boot.test.context.SpringBootTestArgs@1, org.springframework.boot.test.context.SpringBootTestWebEnvironment@77659b30], resourceBasePath = 'src/main/webapp', contextLoader = 'org.springframework.boot.test.context.SpringBootContextLoader', parent = [null]], attributes = map['org.springframework.test.context.web.ServletTestExecutionListener.activateListener' -> true, 'org.springframework.test.context.web.ServletTestExecutionListener.populatedRequestContextHolder' -> true, 'org.springframework.test.context.web.ServletTestExecutionListener.resetRequestContextHolder' -> true, 'org.springframework.test.context.event.ApplicationEventsTestExecutionListener.recordApplicationEvents' -> false]]; transaction manager [org.springframework.orm.jpa.JpaTransactionManager@d763b06]; rollback [true]
Hibernate: 
    select
        memberdata0_.id as id1_0_,
        memberdata0_.balance as balance2_0_,
        memberdata0_.member_id as member_i3_0_,
        memberdata0_.name as name4_0_ 
    from
        member_data memberdata0_
Hibernate: 
    select
        memberdata0_.id as id1_0_,
        memberdata0_.balance as balance2_0_,
        memberdata0_.member_id as member_i3_0_,
        memberdata0_.name as name4_0_ 
    from
        member_data memberdata0_ 
    where
        memberdata0_.member_id=?
Hibernate: 
    insert 
    into
        member_data
        (id, balance, member_id, name) 
    values
        (null, ?, ?, ?)
Hibernate: 
    select
        memberdata0_.id as id1_0_,
        memberdata0_.balance as balance2_0_,
        memberdata0_.member_id as member_i3_0_,
        memberdata0_.name as name4_0_ 
    from
        member_data memberdata0_ 
    where
        memberdata0_.member_id=?
2022-08-08 17:10:04.816  WARN 11996 --- [    Test worker] global                                   : create duplicated member
2022-08-08 17:10:04.840  INFO 11996 --- [    Test worker] o.s.t.c.transaction.TransactionContext   : Rolled back transaction for test: [DefaultTestContext@11ee02f8 testClass = IntegrationTest, testInstance = com.clean.example.dataproviders.IntegrationTest@17a5ae7b, testMethod = duplicatedMemberId@IntegrationTest, testException = [null], mergedContextConfiguration = [WebMergedContextConfiguration@4102b1b1 testClass = IntegrationTest, locations = '{}', classes = '{class com.clean.example.dataproviders.go}', contextInitializerClasses = '[]', activeProfiles = '{}', propertySourceLocations = '{}', propertySourceProperties = '{org.springframework.boot.test.context.SpringBootTestContextBootstrapper=true}', contextCustomizers = set[org.springframework.boot.test.autoconfigure.actuate.metrics.MetricsExportContextCustomizerFactory$DisableMetricExportContextCustomizer@62e6b5c8, org.springframework.boot.test.autoconfigure.properties.PropertyMappingContextCustomizer@0, org.springframework.boot.test.autoconfigure.web.servlet.WebDriverContextCustomizerFactory$Customizer@565b064f, org.springframework.boot.test.context.filter.ExcludeFilterContextCustomizer@62163b39, org.springframework.boot.test.json.DuplicateJsonObjectContextCustomizerFactory$DuplicateJsonObjectContextCustomizer@1698fc68, org.springframework.boot.test.mock.mockito.MockitoContextCustomizer@0, org.springframework.boot.test.web.client.TestRestTemplateContextCustomizer@b78a709, org.springframework.boot.test.context.SpringBootTestArgs@1, org.springframework.boot.test.context.SpringBootTestWebEnvironment@77659b30], resourceBasePath = 'src/main/webapp', contextLoader = 'org.springframework.boot.test.context.SpringBootContextLoader', parent = [null]], attributes = map['org.springframework.test.context.web.ServletTestExecutionListener.activateListener' -> true, 'org.springframework.test.context.web.ServletTestExecutionListener.populatedRequestContextHolder' -> true, 'org.springframework.test.context.web.ServletTestExecutionListener.resetRequestContextHolder' -> true, 'org.springframework.test.context.event.ApplicationEventsTestExecutionListener.recordApplicationEvents' -> false]]
2022-08-08 17:10:04.865  INFO 11996 --- [    Test worker] o.s.t.c.transaction.TransactionContext   : Began transaction (1) for test context [DefaultTestContext@11ee02f8 testClass = IntegrationTest, testInstance = com.clean.example.dataproviders.IntegrationTest@563bd6a4, testMethod = getAllMember@IntegrationTest, testException = [null], mergedContextConfiguration = [WebMergedContextConfiguration@4102b1b1 testClass = IntegrationTest, locations = '{}', classes = '{class com.clean.example.dataproviders.go}', contextInitializerClasses = '[]', activeProfiles = '{}', propertySourceLocations = '{}', propertySourceProperties = '{org.springframework.boot.test.context.SpringBootTestContextBootstrapper=true}', contextCustomizers = set[org.springframework.boot.test.autoconfigure.actuate.metrics.MetricsExportContextCustomizerFactory$DisableMetricExportContextCustomizer@62e6b5c8, org.springframework.boot.test.autoconfigure.properties.PropertyMappingContextCustomizer@0, org.springframework.boot.test.autoconfigure.web.servlet.WebDriverContextCustomizerFactory$Customizer@565b064f, org.springframework.boot.test.context.filter.ExcludeFilterContextCustomizer@62163b39, org.springframework.boot.test.json.DuplicateJsonObjectContextCustomizerFactory$DuplicateJsonObjectContextCustomizer@1698fc68, org.springframework.boot.test.mock.mockito.MockitoContextCustomizer@0, org.springframework.boot.test.web.client.TestRestTemplateContextCustomizer@b78a709, org.springframework.boot.test.context.SpringBootTestArgs@1, org.springframework.boot.test.context.SpringBootTestWebEnvironment@77659b30], resourceBasePath = 'src/main/webapp', contextLoader = 'org.springframework.boot.test.context.SpringBootContextLoader', parent = [null]], attributes = map['org.springframework.test.context.web.ServletTestExecutionListener.activateListener' -> true, 'org.springframework.test.context.web.ServletTestExecutionListener.populatedRequestContextHolder' -> true, 'org.springframework.test.context.web.ServletTestExecutionListener.resetRequestContextHolder' -> true, 'org.springframework.test.context.event.ApplicationEventsTestExecutionListener.recordApplicationEvents' -> false]]; transaction manager [org.springframework.orm.jpa.JpaTransactionManager@d763b06]; rollback [true]
Hibernate: 
    select
        memberdata0_.id as id1_0_,
        memberdata0_.balance as balance2_0_,
        memberdata0_.member_id as member_i3_0_,
        memberdata0_.name as name4_0_ 
    from
        member_data memberdata0_
Hibernate: 
    select
        memberdata0_.id as id1_0_,
        memberdata0_.balance as balance2_0_,
        memberdata0_.member_id as member_i3_0_,
        memberdata0_.name as name4_0_ 
    from
        member_data memberdata0_ 
    where
        memberdata0_.member_id=?
Hibernate: 
    insert 
    into
        member_data
        (id, balance, member_id, name) 
    values
        (null, ?, ?, ?)
Hibernate: 
    select
        memberdata0_.id as id1_0_,
        memberdata0_.balance as balance2_0_,
        memberdata0_.member_id as member_i3_0_,
        memberdata0_.name as name4_0_ 
    from
        member_data memberdata0_ 
    where
        memberdata0_.member_id=?
Hibernate: 
    insert 
    into
        member_data
        (id, balance, member_id, name) 
    values
        (null, ?, ?, ?)
Hibernate: 
    select
        memberdata0_.id as id1_0_,
        memberdata0_.balance as balance2_0_,
        memberdata0_.member_id as member_i3_0_,
        memberdata0_.name as name4_0_ 
    from
        member_data memberdata0_
2022-08-08 17:10:05.087  INFO 11996 --- [    Test worker] o.s.t.c.transaction.TransactionContext   : Rolled back transaction for test: [DefaultTestContext@11ee02f8 testClass = IntegrationTest, testInstance = com.clean.example.dataproviders.IntegrationTest@563bd6a4, testMethod = getAllMember@IntegrationTest, testException = [null], mergedContextConfiguration = [WebMergedContextConfiguration@4102b1b1 testClass = IntegrationTest, locations = '{}', classes = '{class com.clean.example.dataproviders.go}', contextInitializerClasses = '[]', activeProfiles = '{}', propertySourceLocations = '{}', propertySourceProperties = '{org.springframework.boot.test.context.SpringBootTestContextBootstrapper=true}', contextCustomizers = set[org.springframework.boot.test.autoconfigure.actuate.metrics.MetricsExportContextCustomizerFactory$DisableMetricExportContextCustomizer@62e6b5c8, org.springframework.boot.test.autoconfigure.properties.PropertyMappingContextCustomizer@0, org.springframework.boot.test.autoconfigure.web.servlet.WebDriverContextCustomizerFactory$Customizer@565b064f, org.springframework.boot.test.context.filter.ExcludeFilterContextCustomizer@62163b39, org.springframework.boot.test.json.DuplicateJsonObjectContextCustomizerFactory$DuplicateJsonObjectContextCustomizer@1698fc68, org.springframework.boot.test.mock.mockito.MockitoContextCustomizer@0, org.springframework.boot.test.web.client.TestRestTemplateContextCustomizer@b78a709, org.springframework.boot.test.context.SpringBootTestArgs@1, org.springframework.boot.test.context.SpringBootTestWebEnvironment@77659b30], resourceBasePath = 'src/main/webapp', contextLoader = 'org.springframework.boot.test.context.SpringBootContextLoader', parent = [null]], attributes = map['org.springframework.test.context.web.ServletTestExecutionListener.activateListener' -> true, 'org.springframework.test.context.web.ServletTestExecutionListener.populatedRequestContextHolder' -> true, 'org.springframework.test.context.web.ServletTestExecutionListener.resetRequestContextHolder' -> true, 'org.springframework.test.context.event.ApplicationEventsTestExecutionListener.recordApplicationEvents' -> false]]
2022-08-08 17:10:05.105  INFO 11996 --- [    Test worker] o.s.t.c.transaction.TransactionContext   : Began transaction (1) for test context [DefaultTestContext@11ee02f8 testClass = IntegrationTest, testInstance = com.clean.example.dataproviders.IntegrationTest@7dc9b41a, testMethod = findMember@IntegrationTest, testException = [null], mergedContextConfiguration = [WebMergedContextConfiguration@4102b1b1 testClass = IntegrationTest, locations = '{}', classes = '{class com.clean.example.dataproviders.go}', contextInitializerClasses = '[]', activeProfiles = '{}', propertySourceLocations = '{}', propertySourceProperties = '{org.springframework.boot.test.context.SpringBootTestContextBootstrapper=true}', contextCustomizers = set[org.springframework.boot.test.autoconfigure.actuate.metrics.MetricsExportContextCustomizerFactory$DisableMetricExportContextCustomizer@62e6b5c8, org.springframework.boot.test.autoconfigure.properties.PropertyMappingContextCustomizer@0, org.springframework.boot.test.autoconfigure.web.servlet.WebDriverContextCustomizerFactory$Customizer@565b064f, org.springframework.boot.test.context.filter.ExcludeFilterContextCustomizer@62163b39, org.springframework.boot.test.json.DuplicateJsonObjectContextCustomizerFactory$DuplicateJsonObjectContextCustomizer@1698fc68, org.springframework.boot.test.mock.mockito.MockitoContextCustomizer@0, org.springframework.boot.test.web.client.TestRestTemplateContextCustomizer@b78a709, org.springframework.boot.test.context.SpringBootTestArgs@1, org.springframework.boot.test.context.SpringBootTestWebEnvironment@77659b30], resourceBasePath = 'src/main/webapp', contextLoader = 'org.springframework.boot.test.context.SpringBootContextLoader', parent = [null]], attributes = map['org.springframework.test.context.web.ServletTestExecutionListener.activateListener' -> true, 'org.springframework.test.context.web.ServletTestExecutionListener.populatedRequestContextHolder' -> true, 'org.springframework.test.context.web.ServletTestExecutionListener.resetRequestContextHolder' -> true, 'org.springframework.test.context.event.ApplicationEventsTestExecutionListener.recordApplicationEvents' -> false]]; transaction manager [org.springframework.orm.jpa.JpaTransactionManager@d763b06]; rollback [true]
Hibernate: 
    select
        memberdata0_.id as id1_0_,
        memberdata0_.balance as balance2_0_,
        memberdata0_.member_id as member_i3_0_,
        memberdata0_.name as name4_0_ 
    from
        member_data memberdata0_
Hibernate: 
    select
        memberdata0_.id as id1_0_,
        memberdata0_.balance as balance2_0_,
        memberdata0_.member_id as member_i3_0_,
        memberdata0_.name as name4_0_ 
    from
        member_data memberdata0_ 
    where
        memberdata0_.member_id=?
Hibernate: 
    insert 
    into
        member_data
        (id, balance, member_id, name) 
    values
        (null, ?, ?, ?)
Hibernate: 
    select
        memberdata0_.id as id1_0_,
        memberdata0_.balance as balance2_0_,
        memberdata0_.member_id as member_i3_0_,
        memberdata0_.name as name4_0_ 
    from
        member_data memberdata0_ 
    where
        memberdata0_.member_id=?
2022-08-08 17:10:05.124  INFO 11996 --- [    Test worker] o.s.t.c.transaction.TransactionContext   : Rolled back transaction for test: [DefaultTestContext@11ee02f8 testClass = IntegrationTest, testInstance = com.clean.example.dataproviders.IntegrationTest@7dc9b41a, testMethod = findMember@IntegrationTest, testException = [null], mergedContextConfiguration = [WebMergedContextConfiguration@4102b1b1 testClass = IntegrationTest, locations = '{}', classes = '{class com.clean.example.dataproviders.go}', contextInitializerClasses = '[]', activeProfiles = '{}', propertySourceLocations = '{}', propertySourceProperties = '{org.springframework.boot.test.context.SpringBootTestContextBootstrapper=true}', contextCustomizers = set[org.springframework.boot.test.autoconfigure.actuate.metrics.MetricsExportContextCustomizerFactory$DisableMetricExportContextCustomizer@62e6b5c8, org.springframework.boot.test.autoconfigure.properties.PropertyMappingContextCustomizer@0, org.springframework.boot.test.autoconfigure.web.servlet.WebDriverContextCustomizerFactory$Customizer@565b064f, org.springframework.boot.test.context.filter.ExcludeFilterContextCustomizer@62163b39, org.springframework.boot.test.json.DuplicateJsonObjectContextCustomizerFactory$DuplicateJsonObjectContextCustomizer@1698fc68, org.springframework.boot.test.mock.mockito.MockitoContextCustomizer@0, org.springframework.boot.test.web.client.TestRestTemplateContextCustomizer@b78a709, org.springframework.boot.test.context.SpringBootTestArgs@1, org.springframework.boot.test.context.SpringBootTestWebEnvironment@77659b30], resourceBasePath = 'src/main/webapp', contextLoader = 'org.springframework.boot.test.context.SpringBootContextLoader', parent = [null]], attributes = map['org.springframework.test.context.web.ServletTestExecutionListener.activateListener' -> true, 'org.springframework.test.context.web.ServletTestExecutionListener.populatedRequestContextHolder' -> true, 'org.springframework.test.context.web.ServletTestExecutionListener.resetRequestContextHolder' -> true, 'org.springframework.test.context.event.ApplicationEventsTestExecutionListener.recordApplicationEvents' -> false]]
]]></system-out>
  <system-err><![CDATA[]]></system-err>
</testsuite>
