<?xml version="1.0" encoding="UTF-8"?>
<testsuite name="com.clean.example.coreTest" tests="1" skipped="0" failures="0" errors="0" timestamp="2022-07-30T04:43:22" hostname="DESKTOP-DK1MOLF" time="0.02">
  <properties/>
  <testcase name="justTest()" classname="com.clean.example.coreTest" time="0.02"/>
  <system-out><![CDATA[]]></system-out>
  <system-err><![CDATA[]]></system-err>
</testsuite>
